2012-06-12 18:37:37 [INFO] [Multiverse-Core] - Version 2.4-b527 (API v14) Enabled - By Rigby, fernferret, lithium3141 and main--
2012-06-12 18:37:37 [INFO] [Multiverse-Core] Loading World & Settings - 'world' - Env: NORMAL - Type: NORMAL & seed: -7842376094457220718
2012-06-12 18:37:37 [WARNING] [Multiverse-Core] Spawn location from world.dat file was unsafe. Adjusting...
2012-06-12 18:37:37 [WARNING] [Multiverse-Core] Original Location: X: 0 Y: 50 Z: 0 P: 0 Y: 0 
2012-06-12 18:37:37 [INFO] [Multiverse-Core] New Spawn for 'world' is Located at: world:0.00,65.00,0.00:0.00:0.00
2012-06-12 18:37:37 [INFO] [Multiverse-Core] Loading World & Settings - 'world_nether' - Env: NETHER - Type: NORMAL & seed: 3222298769732298896
2012-06-12 18:37:37 [WARNING] [Multiverse-Core] Spawn location from world.dat file was unsafe. Adjusting...
2012-06-12 18:37:37 [WARNING] [Multiverse-Core] Original Location: X: 0 Y: 64 Z: 0 P: 0 Y: 0 
2012-06-12 18:37:37 [INFO] [Multiverse-Core] New Spawn for 'world_nether' is Located at: world_nether:2.50,64.00,-0.50:0.00:0.00
2012-06-12 18:37:38 [INFO] [Multiverse-Core] Loading World & Settings - 'world_the_end' - Env: THE_END - Type: NORMAL & seed: 3222298769732298896
2012-06-12 18:37:38 [WARNING] [Multiverse-Core] Spawn location from world.dat file was unsafe. Adjusting...
2012-06-12 18:37:38 [WARNING] [Multiverse-Core] Original Location: X: 0 Y: 50 Z: 0 P: 0 Y: 0 
2012-06-12 18:37:38 [INFO] [Multiverse-Core] New Spawn for 'world_the_end' is Located at: world_the_end:0.50,58.00,1.50:0.00:0.00
2012-06-12 18:37:38 [INFO] [Multiverse-Core] Loading World & Settings - 'world' - Env: NORMAL - Type: NORMAL & seed: -7842376094457220718
2012-06-12 18:37:38 [INFO] [Multiverse-Core] Loading World & Settings - 'world_nether' - Env: NETHER - Type: NORMAL & seed: 3222298769732298896
2012-06-12 18:37:38 [INFO] [Multiverse-Core] Loading World & Settings - 'world_the_end' - Env: THE_END - Type: NORMAL & seed: 3222298769732298896
2012-06-12 18:37:38 [INFO] [Multiverse-Core] 3 - World(s) loaded.
2012-06-12 18:46:02 [INFO] [Multiverse-Core] Loading World & Settings - 'werewolf' - Env: NORMAL - Type: NORMAL
2012-06-12 18:46:08 [WARNING] [Multiverse-Core] Spawn location from world.dat file was unsafe. Adjusting...
2012-06-12 18:46:08 [WARNING] [Multiverse-Core] Original Location: X: -245 Y: 64 Z: 227 P: 0 Y: 0 
2012-06-12 18:46:08 [INFO] [Multiverse-Core] New Spawn for 'werewolf' is Located at: werewolf:-243.50,65.00,235.50:0.00:0.00
2012-06-12 18:49:09 [INFO] [Multiverse-Core] - Version 2.4-b527 (API v14) Enabled - By Rigby, fernferret, lithium3141 and main--
2012-06-12 18:49:09 [INFO] [Multiverse-Core] Loading World & Settings - 'world' - Env: NORMAL - Type: NORMAL & seed: -7842376094457220718
2012-06-12 18:49:09 [INFO] [Multiverse-Core] Loading World & Settings - 'world_nether' - Env: NETHER - Type: NORMAL & seed: 3222298769732298896
2012-06-12 18:49:09 [INFO] [Multiverse-Core] Loading World & Settings - 'world_the_end' - Env: THE_END - Type: NORMAL & seed: 3222298769732298896
2012-06-12 18:49:09 [INFO] [Multiverse-Core] Loading World & Settings - 'werewolf' - Env: NORMAL - Type: NORMAL & seed: 4134474743919536121
2012-06-12 18:49:09 [INFO] [Multiverse-Core] 4 - World(s) loaded.
2012-06-12 19:01:04 [INFO] [Multiverse-Core] - Version 2.4-b527 (API v14) Enabled - By Rigby, fernferret, lithium3141 and main--
2012-06-12 19:01:04 [INFO] [Multiverse-Core] Loading World & Settings - 'world' - Env: NORMAL - Type: NORMAL & seed: -7842376094457220718
2012-06-12 19:01:04 [INFO] [Multiverse-Core] Loading World & Settings - 'world_nether' - Env: NETHER - Type: NORMAL & seed: 3222298769732298896
2012-06-12 19:01:04 [INFO] [Multiverse-Core] Loading World & Settings - 'world_the_end' - Env: THE_END - Type: NORMAL & seed: 3222298769732298896
2012-06-12 19:01:04 [INFO] [Multiverse-Core] Loading World & Settings - 'werewolf' - Env: NORMAL - Type: NORMAL & seed: 4134474743919536121
2012-06-12 19:01:05 [INFO] [Multiverse-Core] 4 - World(s) loaded.
2012-06-13 01:49:13 [INFO] [Multiverse-Core] - Version 2.4-b527 (API v14) Enabled - By Rigby, fernferret, lithium3141 and main--
2012-06-13 01:49:14 [INFO] [Multiverse-Core] Loading World & Settings - 'world' - Env: NORMAL - Type: NORMAL & seed: -7842376094457220718
2012-06-13 01:49:14 [INFO] [Multiverse-Core] Loading World & Settings - 'world_nether' - Env: NETHER - Type: NORMAL & seed: 3222298769732298896
2012-06-13 01:49:14 [INFO] [Multiverse-Core] Loading World & Settings - 'world_the_end' - Env: THE_END - Type: NORMAL & seed: 3222298769732298896
2012-06-13 01:49:14 [INFO] [Multiverse-Core] Loading World & Settings - 'werewolf' - Env: NORMAL - Type: NORMAL & seed: 4134474743919536121
2012-06-13 01:49:14 [INFO] [Multiverse-Core] 4 - World(s) loaded.
2012-06-13 02:52:42 [INFO] [Multiverse-Core] - Version 2.4-b527 (API v14) Enabled - By Rigby, fernferret, lithium3141 and main--
2012-06-13 02:52:42 [INFO] [Multiverse-Core] Loading World & Settings - 'world' - Env: NORMAL - Type: NORMAL & seed: -7842376094457220718
2012-06-13 02:52:42 [INFO] [Multiverse-Core] Loading World & Settings - 'world_nether' - Env: NETHER - Type: NORMAL & seed: 3222298769732298896
2012-06-13 02:52:42 [INFO] [Multiverse-Core] Loading World & Settings - 'world_the_end' - Env: THE_END - Type: NORMAL & seed: 3222298769732298896
2012-06-13 02:52:42 [INFO] [Multiverse-Core] Loading World & Settings - 'werewolf' - Env: NORMAL - Type: NORMAL & seed: 4134474743919536121
2012-06-13 02:52:42 [INFO] [Multiverse-Core] 4 - World(s) loaded.
2012-06-13 02:55:35 [INFO] [Multiverse-Core] - Version 2.4-b527 (API v14) Enabled - By Rigby, fernferret, lithium3141 and main--
2012-06-13 02:55:35 [INFO] [Multiverse-Core] Loading World & Settings - 'world' - Env: NORMAL - Type: NORMAL & seed: -7842376094457220718
2012-06-13 02:55:36 [INFO] [Multiverse-Core] Loading World & Settings - 'world_nether' - Env: NETHER - Type: NORMAL & seed: 3222298769732298896
2012-06-13 02:55:36 [INFO] [Multiverse-Core] Loading World & Settings - 'world_the_end' - Env: THE_END - Type: NORMAL & seed: 3222298769732298896
2012-06-13 02:55:36 [INFO] [Multiverse-Core] Loading World & Settings - 'werewolf' - Env: NORMAL - Type: NORMAL & seed: 4134474743919536121
2012-06-13 02:55:36 [INFO] [Multiverse-Core] 4 - World(s) loaded.
2012-06-13 02:57:44 [INFO] [Multiverse-Core] - Version 2.4-b527 (API v14) Enabled - By Rigby, fernferret, lithium3141 and main--
2012-06-13 02:57:44 [INFO] [Multiverse-Core] Loading World & Settings - 'world' - Env: NORMAL - Type: NORMAL & seed: -7842376094457220718
2012-06-13 02:57:44 [INFO] [Multiverse-Core] Loading World & Settings - 'world_nether' - Env: NETHER - Type: NORMAL & seed: 3222298769732298896
2012-06-13 02:57:44 [INFO] [Multiverse-Core] Loading World & Settings - 'world_the_end' - Env: THE_END - Type: NORMAL & seed: 3222298769732298896
2012-06-13 02:57:44 [INFO] [Multiverse-Core] Loading World & Settings - 'werewolf' - Env: NORMAL - Type: NORMAL & seed: 4134474743919536121
2012-06-13 02:57:44 [INFO] [Multiverse-Core] 4 - World(s) loaded.
2012-06-13 02:59:38 [INFO] [Multiverse-Core] - Version 2.4-b527 (API v14) Enabled - By Rigby, fernferret, lithium3141 and main--
2012-06-13 02:59:38 [INFO] [Multiverse-Core] Loading World & Settings - 'world' - Env: NORMAL - Type: NORMAL & seed: -7842376094457220718
2012-06-13 02:59:38 [INFO] [Multiverse-Core] Loading World & Settings - 'world_nether' - Env: NETHER - Type: NORMAL & seed: 3222298769732298896
2012-06-13 02:59:38 [INFO] [Multiverse-Core] Loading World & Settings - 'world_the_end' - Env: THE_END - Type: NORMAL & seed: 3222298769732298896
2012-06-13 02:59:38 [INFO] [Multiverse-Core] Loading World & Settings - 'werewolf' - Env: NORMAL - Type: NORMAL & seed: 4134474743919536121
2012-06-13 02:59:39 [INFO] [Multiverse-Core] 4 - World(s) loaded.
2012-06-13 03:32:45 [INFO] [Multiverse-Core] - Version 2.4-b527 (API v14) Enabled - By Rigby, fernferret, lithium3141 and main--
2012-06-13 03:32:45 [INFO] [Multiverse-Core] Loading World & Settings - 'world' - Env: NORMAL - Type: NORMAL & seed: -7842376094457220718
2012-06-13 03:32:45 [INFO] [Multiverse-Core] Loading World & Settings - 'world_nether' - Env: NETHER - Type: NORMAL & seed: 3222298769732298896
2012-06-13 03:32:45 [INFO] [Multiverse-Core] Loading World & Settings - 'world_the_end' - Env: THE_END - Type: NORMAL & seed: 3222298769732298896
2012-06-13 03:32:45 [INFO] [Multiverse-Core] Loading World & Settings - 'werewolf' - Env: NORMAL - Type: NORMAL & seed: 4134474743919536121
2012-06-13 03:32:46 [INFO] [Multiverse-Core] 4 - World(s) loaded.
2012-06-13 03:43:07 [INFO] [Multiverse-Core] - Version 2.4-b527 (API v14) Enabled - By Rigby, fernferret, lithium3141 and main--
2012-06-13 03:43:07 [INFO] [Multiverse-Core] Loading World & Settings - 'world' - Env: NORMAL - Type: NORMAL & seed: -7842376094457220718
2012-06-13 03:43:07 [INFO] [Multiverse-Core] Loading World & Settings - 'world_nether' - Env: NETHER - Type: NORMAL & seed: 3222298769732298896
2012-06-13 03:43:07 [INFO] [Multiverse-Core] Loading World & Settings - 'world_the_end' - Env: THE_END - Type: NORMAL & seed: 3222298769732298896
2012-06-13 03:43:07 [INFO] [Multiverse-Core] Loading World & Settings - 'werewolf' - Env: NORMAL - Type: NORMAL & seed: 4134474743919536121
2012-06-13 03:43:08 [INFO] [Multiverse-Core] 4 - World(s) loaded.
2012-06-13 03:44:07 [INFO] [Multiverse-Core] - Version 2.4-b527 (API v14) Enabled - By Rigby, fernferret, lithium3141 and main--
2012-06-13 03:44:08 [INFO] [Multiverse-Core] Loading World & Settings - 'world' - Env: NORMAL - Type: NORMAL & seed: -7842376094457220718
2012-06-13 03:44:08 [INFO] [Multiverse-Core] Loading World & Settings - 'world_nether' - Env: NETHER - Type: NORMAL & seed: 3222298769732298896
2012-06-13 03:44:08 [INFO] [Multiverse-Core] Loading World & Settings - 'world_the_end' - Env: THE_END - Type: NORMAL & seed: 3222298769732298896
2012-06-13 03:44:08 [INFO] [Multiverse-Core] Loading World & Settings - 'werewolf' - Env: NORMAL - Type: NORMAL & seed: 4134474743919536121
2012-06-13 03:44:08 [INFO] [Multiverse-Core] 4 - World(s) loaded.
2012-06-13 03:46:19 [INFO] [Multiverse-Core] - Version 2.4-b527 (API v14) Enabled - By Rigby, fernferret, lithium3141 and main--
2012-06-13 03:46:19 [INFO] [Multiverse-Core] Loading World & Settings - 'world' - Env: NORMAL - Type: NORMAL & seed: -7842376094457220718
2012-06-13 03:46:19 [INFO] [Multiverse-Core] Loading World & Settings - 'world_nether' - Env: NETHER - Type: NORMAL & seed: 3222298769732298896
2012-06-13 03:46:19 [INFO] [Multiverse-Core] Loading World & Settings - 'world_the_end' - Env: THE_END - Type: NORMAL & seed: 3222298769732298896
2012-06-13 03:46:19 [INFO] [Multiverse-Core] Loading World & Settings - 'werewolf' - Env: NORMAL - Type: NORMAL & seed: 4134474743919536121
2012-06-13 03:46:20 [INFO] [Multiverse-Core] 4 - World(s) loaded.
2012-06-13 03:47:10 [INFO] [Multiverse-Core] - Version 2.4-b527 (API v14) Enabled - By Rigby, fernferret, lithium3141 and main--
2012-06-13 03:47:10 [INFO] [Multiverse-Core] Loading World & Settings - 'world' - Env: NORMAL - Type: NORMAL & seed: -7842376094457220718
2012-06-13 03:47:10 [INFO] [Multiverse-Core] Loading World & Settings - 'world_nether' - Env: NETHER - Type: NORMAL & seed: 3222298769732298896
2012-06-13 03:47:10 [INFO] [Multiverse-Core] Loading World & Settings - 'world_the_end' - Env: THE_END - Type: NORMAL & seed: 3222298769732298896
2012-06-13 03:47:10 [INFO] [Multiverse-Core] Loading World & Settings - 'werewolf' - Env: NORMAL - Type: NORMAL & seed: 4134474743919536121
2012-06-13 03:47:10 [INFO] [Multiverse-Core] 4 - World(s) loaded.
2012-06-13 04:06:27 [INFO] [Multiverse-Core] - Version 2.4-b527 (API v14) Enabled - By Rigby, fernferret, lithium3141 and main--
2012-06-13 04:06:28 [INFO] [Multiverse-Core] Loading World & Settings - 'world' - Env: NORMAL - Type: NORMAL & seed: -7842376094457220718
2012-06-13 04:06:28 [INFO] [Multiverse-Core] Loading World & Settings - 'world_nether' - Env: NETHER - Type: NORMAL & seed: 3222298769732298896
2012-06-13 04:06:28 [INFO] [Multiverse-Core] Loading World & Settings - 'world_the_end' - Env: THE_END - Type: NORMAL & seed: 3222298769732298896
2012-06-13 04:06:28 [INFO] [Multiverse-Core] Loading World & Settings - 'werewolf' - Env: NORMAL - Type: NORMAL & seed: 4134474743919536121
2012-06-13 04:06:28 [INFO] [Multiverse-Core] 4 - World(s) loaded.
2012-06-13 04:35:35 [INFO] [Multiverse-Core] - Version 2.4-b527 (API v14) Enabled - By Rigby, fernferret, lithium3141 and main--
2012-06-13 04:35:35 [INFO] [Multiverse-Core] Loading World & Settings - 'world' - Env: NORMAL - Type: NORMAL & seed: -7842376094457220718
2012-06-13 04:35:35 [INFO] [Multiverse-Core] Loading World & Settings - 'world_nether' - Env: NETHER - Type: NORMAL & seed: 3222298769732298896
2012-06-13 04:35:35 [INFO] [Multiverse-Core] Loading World & Settings - 'world_the_end' - Env: THE_END - Type: NORMAL & seed: 3222298769732298896
2012-06-13 04:35:35 [INFO] [Multiverse-Core] Loading World & Settings - 'werewolf' - Env: NORMAL - Type: NORMAL & seed: 4134474743919536121
2012-06-13 04:35:35 [INFO] [Multiverse-Core] 4 - World(s) loaded.
2012-06-13 13:05:49 [INFO] [Multiverse-Core] - Version 2.4-b527 (API v14) Enabled - By Rigby, fernferret, lithium3141 and main--
2012-06-13 13:05:49 [INFO] [Multiverse-Core] Loading World & Settings - 'world' - Env: NORMAL - Type: NORMAL & seed: -7842376094457220718
2012-06-13 13:05:49 [INFO] [Multiverse-Core] Loading World & Settings - 'world_nether' - Env: NETHER - Type: NORMAL & seed: 3222298769732298896
2012-06-13 13:05:49 [INFO] [Multiverse-Core] Loading World & Settings - 'world_the_end' - Env: THE_END - Type: NORMAL & seed: 3222298769732298896
2012-06-13 13:05:49 [INFO] [Multiverse-Core] Loading World & Settings - 'werewolf' - Env: NORMAL - Type: NORMAL & seed: 4134474743919536121
2012-06-13 13:05:49 [WARNING] [Multiverse-Core] Spawn location from world.dat file was unsafe. Adjusting...
2012-06-13 13:05:49 [WARNING] [Multiverse-Core] Original Location: X: -244 Y: 65 Z: 235 P: 0 Y: 0 
2012-06-13 13:05:49 [INFO] [Multiverse-Core] New Spawn for 'werewolf' is Located at: werewolf:-242.50,65.00,236.50:0.00:0.00
2012-06-13 13:05:50 [INFO] [Multiverse-Core] 4 - World(s) loaded.
2012-06-13 13:59:02 [INFO] [Multiverse-Core] - Version 2.4-b527 (API v14) Enabled - By Rigby, fernferret, lithium3141 and main--
2012-06-13 13:59:02 [INFO] [Multiverse-Core] Loading World & Settings - 'world' - Env: NORMAL - Type: NORMAL & seed: -7842376094457220718
2012-06-13 13:59:02 [INFO] [Multiverse-Core] Loading World & Settings - 'world_nether' - Env: NETHER - Type: NORMAL & seed: 3222298769732298896
2012-06-13 13:59:03 [INFO] [Multiverse-Core] Loading World & Settings - 'world_the_end' - Env: THE_END - Type: NORMAL & seed: 3222298769732298896
2012-06-13 13:59:03 [INFO] [Multiverse-Core] Loading World & Settings - 'werewolf' - Env: NORMAL - Type: NORMAL & seed: 4134474743919536121
2012-06-13 13:59:03 [INFO] [Multiverse-Core] 4 - World(s) loaded.
2012-06-13 14:00:23 [INFO] [Multiverse-Core] - Version 2.4-b527 (API v14) Enabled - By Rigby, fernferret, lithium3141 and main--
2012-06-13 14:00:23 [INFO] [Multiverse-Core] Loading World & Settings - 'world' - Env: NORMAL - Type: NORMAL & seed: -7842376094457220718
2012-06-13 14:00:23 [INFO] [Multiverse-Core] Loading World & Settings - 'world_nether' - Env: NETHER - Type: NORMAL & seed: 3222298769732298896
2012-06-13 14:00:23 [INFO] [Multiverse-Core] Loading World & Settings - 'world_the_end' - Env: THE_END - Type: NORMAL & seed: 3222298769732298896
2012-06-13 14:00:23 [INFO] [Multiverse-Core] Loading World & Settings - 'werewolf' - Env: NORMAL - Type: NORMAL & seed: 4134474743919536121
2012-06-13 14:00:23 [INFO] [Multiverse-Core] 4 - World(s) loaded.
2012-06-13 14:00:39 [INFO] [Multiverse-Core] - Version 2.4-b527 (API v14) Enabled - By Rigby, fernferret, lithium3141 and main--
2012-06-13 14:00:39 [INFO] [Multiverse-Core] Loading World & Settings - 'world' - Env: NORMAL - Type: NORMAL & seed: -7842376094457220718
2012-06-13 14:00:39 [INFO] [Multiverse-Core] Loading World & Settings - 'world_nether' - Env: NETHER - Type: NORMAL & seed: 3222298769732298896
2012-06-13 14:00:39 [INFO] [Multiverse-Core] Loading World & Settings - 'world_the_end' - Env: THE_END - Type: NORMAL & seed: 3222298769732298896
2012-06-13 14:00:39 [INFO] [Multiverse-Core] Loading World & Settings - 'werewolf' - Env: NORMAL - Type: NORMAL & seed: 4134474743919536121
2012-06-13 14:00:39 [INFO] [Multiverse-Core] 4 - World(s) loaded.
2012-06-13 14:01:38 [INFO] [Multiverse-Core] - Version 2.4-b527 (API v14) Enabled - By Rigby, fernferret, lithium3141 and main--
2012-06-13 14:01:38 [INFO] [Multiverse-Core] Loading World & Settings - 'world' - Env: NORMAL - Type: NORMAL & seed: -7842376094457220718
2012-06-13 14:01:38 [INFO] [Multiverse-Core] Loading World & Settings - 'world_nether' - Env: NETHER - Type: NORMAL & seed: 3222298769732298896
2012-06-13 14:01:38 [INFO] [Multiverse-Core] Loading World & Settings - 'world_the_end' - Env: THE_END - Type: NORMAL & seed: 3222298769732298896
2012-06-13 14:01:38 [INFO] [Multiverse-Core] Loading World & Settings - 'werewolf' - Env: NORMAL - Type: NORMAL & seed: 4134474743919536121
2012-06-13 14:01:38 [INFO] [Multiverse-Core] 4 - World(s) loaded.
2012-06-13 14:01:41 [INFO] [Multiverse-Core] - Version 2.4-b527 (API v14) Enabled - By Rigby, fernferret, lithium3141 and main--
2012-06-13 14:01:41 [INFO] [Multiverse-Core] Loading World & Settings - 'world' - Env: NORMAL - Type: NORMAL & seed: -7842376094457220718
2012-06-13 14:01:41 [INFO] [Multiverse-Core] Loading World & Settings - 'world_nether' - Env: NETHER - Type: NORMAL & seed: 3222298769732298896
2012-06-13 14:01:41 [INFO] [Multiverse-Core] Loading World & Settings - 'world_the_end' - Env: THE_END - Type: NORMAL & seed: 3222298769732298896
2012-06-13 14:01:41 [INFO] [Multiverse-Core] Loading World & Settings - 'werewolf' - Env: NORMAL - Type: NORMAL & seed: 4134474743919536121
2012-06-13 14:01:41 [INFO] [Multiverse-Core] 4 - World(s) loaded.
2012-06-13 14:04:12 [INFO] [Multiverse-Core] - Version 2.4-b527 (API v14) Enabled - By Rigby, fernferret, lithium3141 and main--
2012-06-13 14:04:12 [INFO] [Multiverse-Core] Loading World & Settings - 'world' - Env: NORMAL - Type: NORMAL & seed: -7842376094457220718
2012-06-13 14:04:12 [INFO] [Multiverse-Core] Loading World & Settings - 'world_nether' - Env: NETHER - Type: NORMAL & seed: 3222298769732298896
2012-06-13 14:04:12 [INFO] [Multiverse-Core] Loading World & Settings - 'world_the_end' - Env: THE_END - Type: NORMAL & seed: 3222298769732298896
2012-06-13 14:04:12 [INFO] [Multiverse-Core] Loading World & Settings - 'werewolf' - Env: NORMAL - Type: NORMAL & seed: 4134474743919536121
2012-06-13 14:04:12 [INFO] [Multiverse-Core] 4 - World(s) loaded.
2012-06-13 14:04:50 [INFO] [Multiverse-Core] - Version 2.4-b527 (API v14) Enabled - By Rigby, fernferret, lithium3141 and main--
2012-06-13 14:04:50 [INFO] [Multiverse-Core] Loading World & Settings - 'world' - Env: NORMAL - Type: NORMAL & seed: -7842376094457220718
2012-06-13 14:04:51 [INFO] [Multiverse-Core] Loading World & Settings - 'world_nether' - Env: NETHER - Type: NORMAL & seed: 3222298769732298896
2012-06-13 14:04:51 [INFO] [Multiverse-Core] Loading World & Settings - 'world_the_end' - Env: THE_END - Type: NORMAL & seed: 3222298769732298896
2012-06-13 14:04:51 [INFO] [Multiverse-Core] Loading World & Settings - 'werewolf' - Env: NORMAL - Type: NORMAL & seed: 4134474743919536121
2012-06-13 14:04:51 [INFO] [Multiverse-Core] 4 - World(s) loaded.
2012-06-13 16:44:58 [INFO] [Multiverse-Core] - Version 2.4-b527 (API v14) Enabled - By Rigby, fernferret, lithium3141 and main--
2012-06-13 16:44:58 [INFO] [Multiverse-Core] Loading World & Settings - 'world' - Env: NORMAL - Type: NORMAL & seed: -7842376094457220718
2012-06-13 16:44:58 [INFO] [Multiverse-Core] Loading World & Settings - 'world_nether' - Env: NETHER - Type: NORMAL & seed: 3222298769732298896
2012-06-13 16:44:58 [INFO] [Multiverse-Core] Loading World & Settings - 'world_the_end' - Env: THE_END - Type: NORMAL & seed: 3222298769732298896
2012-06-13 16:44:58 [INFO] [Multiverse-Core] Loading World & Settings - 'werewolf' - Env: NORMAL - Type: NORMAL & seed: 4134474743919536121
2012-06-13 16:44:58 [INFO] [Multiverse-Core] 4 - World(s) loaded.
2012-06-13 16:52:23 [INFO] [Multiverse-Core] - Version 2.4-b527 (API v14) Enabled - By Rigby, fernferret, lithium3141 and main--
2012-06-13 16:52:23 [INFO] [Multiverse-Core] Loading World & Settings - 'world' - Env: NORMAL - Type: NORMAL & seed: -7842376094457220718
2012-06-13 16:52:23 [INFO] [Multiverse-Core] Loading World & Settings - 'world_nether' - Env: NETHER - Type: NORMAL & seed: 3222298769732298896
2012-06-13 16:52:23 [INFO] [Multiverse-Core] Loading World & Settings - 'world_the_end' - Env: THE_END - Type: NORMAL & seed: 3222298769732298896
2012-06-13 16:52:23 [INFO] [Multiverse-Core] Loading World & Settings - 'werewolf' - Env: NORMAL - Type: NORMAL & seed: 4134474743919536121
2012-06-13 16:52:23 [INFO] [Multiverse-Core] 4 - World(s) loaded.
2012-06-13 17:07:35 [INFO] [Multiverse-Core] - Version 2.4-b527 (API v14) Enabled - By Rigby, fernferret, lithium3141 and main--
2012-06-13 17:07:36 [INFO] [Multiverse-Core] Loading World & Settings - 'world' - Env: NORMAL - Type: NORMAL & seed: -7842376094457220718
2012-06-13 17:07:36 [INFO] [Multiverse-Core] Loading World & Settings - 'world_nether' - Env: NETHER - Type: NORMAL & seed: 3222298769732298896
2012-06-13 17:07:36 [INFO] [Multiverse-Core] Loading World & Settings - 'world_the_end' - Env: THE_END - Type: NORMAL & seed: 3222298769732298896
2012-06-13 17:07:36 [INFO] [Multiverse-Core] Loading World & Settings - 'werewolf' - Env: NORMAL - Type: NORMAL & seed: 4134474743919536121
2012-06-13 17:07:36 [INFO] [Multiverse-Core] 4 - World(s) loaded.
2012-06-13 17:09:11 [INFO] [Multiverse-Core] - Version 2.4-b527 (API v14) Enabled - By Rigby, fernferret, lithium3141 and main--
2012-06-13 17:09:11 [INFO] [Multiverse-Core] Loading World & Settings - 'world' - Env: NORMAL - Type: NORMAL & seed: -7842376094457220718
2012-06-13 17:09:11 [INFO] [Multiverse-Core] Loading World & Settings - 'world_nether' - Env: NETHER - Type: NORMAL & seed: 3222298769732298896
2012-06-13 17:09:11 [INFO] [Multiverse-Core] Loading World & Settings - 'world_the_end' - Env: THE_END - Type: NORMAL & seed: 3222298769732298896
2012-06-13 17:09:11 [INFO] [Multiverse-Core] Loading World & Settings - 'werewolf' - Env: NORMAL - Type: NORMAL & seed: 4134474743919536121
2012-06-13 17:09:11 [INFO] [Multiverse-Core] 4 - World(s) loaded.
2012-06-13 17:15:33 [INFO] [Multiverse-Core] - Version 2.4-b527 (API v14) Enabled - By Rigby, fernferret, lithium3141 and main--
2012-06-13 17:15:33 [INFO] [Multiverse-Core] Loading World & Settings - 'world' - Env: NORMAL - Type: NORMAL & seed: -7842376094457220718
2012-06-13 17:15:33 [INFO] [Multiverse-Core] Loading World & Settings - 'world_nether' - Env: NETHER - Type: NORMAL & seed: 3222298769732298896
2012-06-13 17:15:33 [INFO] [Multiverse-Core] Loading World & Settings - 'world_the_end' - Env: THE_END - Type: NORMAL & seed: 3222298769732298896
2012-06-13 17:15:33 [INFO] [Multiverse-Core] Loading World & Settings - 'werewolf' - Env: NORMAL - Type: NORMAL & seed: 4134474743919536121
2012-06-13 17:15:33 [INFO] [Multiverse-Core] 4 - World(s) loaded.
2012-06-13 17:41:54 [INFO] [Multiverse-Core] - Version 2.4-b527 (API v14) Enabled - By Rigby, fernferret, lithium3141 and main--
2012-06-13 17:41:54 [INFO] [Multiverse-Core] Loading World & Settings - 'world' - Env: NORMAL - Type: NORMAL & seed: -7842376094457220718
2012-06-13 17:41:54 [INFO] [Multiverse-Core] Loading World & Settings - 'world_nether' - Env: NETHER - Type: NORMAL & seed: 3222298769732298896
2012-06-13 17:41:54 [INFO] [Multiverse-Core] Loading World & Settings - 'world_the_end' - Env: THE_END - Type: NORMAL & seed: 3222298769732298896
2012-06-13 17:41:54 [INFO] [Multiverse-Core] Loading World & Settings - 'werewolf' - Env: NORMAL - Type: NORMAL & seed: 4134474743919536121
2012-06-13 17:41:54 [INFO] [Multiverse-Core] 4 - World(s) loaded.
2012-06-13 17:42:52 [INFO] [Multiverse-Core] - Version 2.4-b527 (API v14) Enabled - By Rigby, fernferret, lithium3141 and main--
2012-06-13 17:42:52 [INFO] [Multiverse-Core] Loading World & Settings - 'world' - Env: NORMAL - Type: NORMAL & seed: -7842376094457220718
2012-06-13 17:42:52 [INFO] [Multiverse-Core] Loading World & Settings - 'world_nether' - Env: NETHER - Type: NORMAL & seed: 3222298769732298896
2012-06-13 17:42:52 [INFO] [Multiverse-Core] Loading World & Settings - 'world_the_end' - Env: THE_END - Type: NORMAL & seed: 3222298769732298896
2012-06-13 17:42:52 [INFO] [Multiverse-Core] Loading World & Settings - 'werewolf' - Env: NORMAL - Type: NORMAL & seed: 4134474743919536121
2012-06-13 17:42:52 [INFO] [Multiverse-Core] 4 - World(s) loaded.
2012-06-13 17:57:35 [INFO] [Multiverse-Core] - Version 2.4-b527 (API v14) Enabled - By Rigby, fernferret, lithium3141 and main--
2012-06-13 17:57:35 [INFO] [Multiverse-Core] Loading World & Settings - 'world' - Env: NORMAL - Type: NORMAL & seed: -7842376094457220718
2012-06-13 17:57:35 [INFO] [Multiverse-Core] Loading World & Settings - 'world_nether' - Env: NETHER - Type: NORMAL & seed: 3222298769732298896
2012-06-13 17:57:35 [INFO] [Multiverse-Core] Loading World & Settings - 'world_the_end' - Env: THE_END - Type: NORMAL & seed: 3222298769732298896
2012-06-13 17:57:35 [INFO] [Multiverse-Core] Loading World & Settings - 'werewolf' - Env: NORMAL - Type: NORMAL & seed: 4134474743919536121
2012-06-13 17:57:35 [INFO] [Multiverse-Core] 4 - World(s) loaded.
2012-06-13 17:57:49 [INFO] [Multiverse-Core] - Version 2.4-b527 (API v14) Enabled - By Rigby, fernferret, lithium3141 and main--
2012-06-13 17:57:49 [INFO] [Multiverse-Core] Loading World & Settings - 'world' - Env: NORMAL - Type: NORMAL & seed: -7842376094457220718
2012-06-13 17:57:49 [INFO] [Multiverse-Core] Loading World & Settings - 'world_nether' - Env: NETHER - Type: NORMAL & seed: 3222298769732298896
2012-06-13 17:57:49 [INFO] [Multiverse-Core] Loading World & Settings - 'world_the_end' - Env: THE_END - Type: NORMAL & seed: 3222298769732298896
2012-06-13 17:57:49 [INFO] [Multiverse-Core] Loading World & Settings - 'werewolf' - Env: NORMAL - Type: NORMAL & seed: 4134474743919536121
2012-06-13 17:57:49 [INFO] [Multiverse-Core] 4 - World(s) loaded.
2012-06-13 18:15:00 [INFO] [Multiverse-Core] - Version 2.4-b527 (API v14) Enabled - By Rigby, fernferret, lithium3141 and main--
2012-06-13 18:15:00 [INFO] [Multiverse-Core] Loading World & Settings - 'world' - Env: NORMAL - Type: NORMAL & seed: -7842376094457220718
2012-06-13 18:15:00 [INFO] [Multiverse-Core] Loading World & Settings - 'world_nether' - Env: NETHER - Type: NORMAL & seed: 3222298769732298896
2012-06-13 18:15:00 [INFO] [Multiverse-Core] Loading World & Settings - 'world_the_end' - Env: THE_END - Type: NORMAL & seed: 3222298769732298896
2012-06-13 18:15:00 [INFO] [Multiverse-Core] Loading World & Settings - 'werewolf' - Env: NORMAL - Type: NORMAL & seed: 4134474743919536121
2012-06-13 18:15:00 [INFO] [Multiverse-Core] 4 - World(s) loaded.
2012-06-13 18:24:41 [INFO] [Multiverse-Core] - Version 2.4-b527 (API v14) Enabled - By Rigby, fernferret, lithium3141 and main--
2012-06-13 18:24:42 [INFO] [Multiverse-Core] Loading World & Settings - 'world' - Env: NORMAL - Type: NORMAL & seed: -7842376094457220718
2012-06-13 18:24:42 [INFO] [Multiverse-Core] Loading World & Settings - 'world_nether' - Env: NETHER - Type: NORMAL & seed: 3222298769732298896
2012-06-13 18:24:42 [INFO] [Multiverse-Core] Loading World & Settings - 'world_the_end' - Env: THE_END - Type: NORMAL & seed: 3222298769732298896
2012-06-13 18:24:42 [INFO] [Multiverse-Core] Loading World & Settings - 'werewolf' - Env: NORMAL - Type: NORMAL & seed: 4134474743919536121
2012-06-13 18:24:42 [INFO] [Multiverse-Core] 4 - World(s) loaded.
2012-06-13 18:42:51 [INFO] [Multiverse-Core] - Version 2.4-b527 (API v14) Enabled - By Rigby, fernferret, lithium3141 and main--
2012-06-13 18:42:51 [INFO] [Multiverse-Core] Loading World & Settings - 'world' - Env: NORMAL - Type: NORMAL & seed: -7842376094457220718
2012-06-13 18:42:51 [INFO] [Multiverse-Core] Loading World & Settings - 'world_nether' - Env: NETHER - Type: NORMAL & seed: 3222298769732298896
2012-06-13 18:42:51 [INFO] [Multiverse-Core] Loading World & Settings - 'world_the_end' - Env: THE_END - Type: NORMAL & seed: 3222298769732298896
2012-06-13 18:42:51 [INFO] [Multiverse-Core] Loading World & Settings - 'werewolf' - Env: NORMAL - Type: NORMAL & seed: 4134474743919536121
2012-06-13 18:42:51 [INFO] [Multiverse-Core] 4 - World(s) loaded.
2012-06-13 18:43:10 [INFO] [Multiverse-Core] - Version 2.4-b527 (API v14) Enabled - By Rigby, fernferret, lithium3141 and main--
2012-06-13 18:43:11 [INFO] [Multiverse-Core] Loading World & Settings - 'world' - Env: NORMAL - Type: NORMAL & seed: -7842376094457220718
2012-06-13 18:43:11 [INFO] [Multiverse-Core] Loading World & Settings - 'world_nether' - Env: NETHER - Type: NORMAL & seed: 3222298769732298896
2012-06-13 18:43:11 [INFO] [Multiverse-Core] Loading World & Settings - 'world_the_end' - Env: THE_END - Type: NORMAL & seed: 3222298769732298896
2012-06-13 18:43:11 [INFO] [Multiverse-Core] Loading World & Settings - 'werewolf' - Env: NORMAL - Type: NORMAL & seed: 4134474743919536121
2012-06-13 18:43:11 [INFO] [Multiverse-Core] 4 - World(s) loaded.
2012-06-13 19:00:33 [INFO] [Multiverse-Core] - Version 2.4-b527 (API v14) Enabled - By Rigby, fernferret, lithium3141 and main--
2012-06-13 19:00:33 [INFO] [Multiverse-Core] Loading World & Settings - 'world' - Env: NORMAL - Type: NORMAL & seed: -7842376094457220718
2012-06-13 19:00:33 [INFO] [Multiverse-Core] Loading World & Settings - 'world_nether' - Env: NETHER - Type: NORMAL & seed: 3222298769732298896
2012-06-13 19:00:33 [INFO] [Multiverse-Core] Loading World & Settings - 'world_the_end' - Env: THE_END - Type: NORMAL & seed: 3222298769732298896
2012-06-13 19:00:33 [INFO] [Multiverse-Core] Loading World & Settings - 'werewolf' - Env: NORMAL - Type: NORMAL & seed: 4134474743919536121
2012-06-13 19:00:33 [INFO] [Multiverse-Core] 4 - World(s) loaded.
2012-06-13 19:08:50 [INFO] [Multiverse-Core] - Version 2.4-b527 (API v14) Enabled - By Rigby, fernferret, lithium3141 and main--
2012-06-13 19:08:50 [INFO] [Multiverse-Core] Loading World & Settings - 'world' - Env: NORMAL - Type: NORMAL & seed: -7842376094457220718
2012-06-13 19:08:50 [INFO] [Multiverse-Core] Loading World & Settings - 'world_nether' - Env: NETHER - Type: NORMAL & seed: 3222298769732298896
2012-06-13 19:08:50 [INFO] [Multiverse-Core] Loading World & Settings - 'world_the_end' - Env: THE_END - Type: NORMAL & seed: 3222298769732298896
2012-06-13 19:08:50 [INFO] [Multiverse-Core] Loading World & Settings - 'werewolf' - Env: NORMAL - Type: NORMAL & seed: 4134474743919536121
2012-06-13 19:08:51 [INFO] [Multiverse-Core] 4 - World(s) loaded.
2012-06-14 02:23:31 [INFO] [Multiverse-Core] - Version 2.4-b527 (API v14) Enabled - By Rigby, fernferret, lithium3141 and main--
2012-06-14 02:23:32 [INFO] [Multiverse-Core] Loading World & Settings - 'world' - Env: NORMAL - Type: NORMAL & seed: -7842376094457220718
2012-06-14 02:23:32 [INFO] [Multiverse-Core] Loading World & Settings - 'world_nether' - Env: NETHER - Type: NORMAL & seed: 3222298769732298896
2012-06-14 02:23:32 [INFO] [Multiverse-Core] Loading World & Settings - 'world_the_end' - Env: THE_END - Type: NORMAL & seed: 3222298769732298896
2012-06-14 02:23:32 [INFO] [Multiverse-Core] Loading World & Settings - 'werewolf' - Env: NORMAL - Type: NORMAL & seed: 4134474743919536121
2012-06-14 02:23:32 [INFO] [Multiverse-Core] 4 - World(s) loaded.
2012-06-14 02:25:03 [INFO] [Multiverse-Core] - Version 2.4-b527 (API v14) Enabled - By Rigby, fernferret, lithium3141 and main--
2012-06-14 02:25:03 [INFO] [Multiverse-Core] Loading World & Settings - 'world' - Env: NORMAL - Type: NORMAL & seed: -7842376094457220718
2012-06-14 02:25:03 [INFO] [Multiverse-Core] Loading World & Settings - 'world_nether' - Env: NETHER - Type: NORMAL & seed: 3222298769732298896
2012-06-14 02:25:03 [INFO] [Multiverse-Core] Loading World & Settings - 'world_the_end' - Env: THE_END - Type: NORMAL & seed: 3222298769732298896
2012-06-14 02:25:03 [INFO] [Multiverse-Core] Loading World & Settings - 'werewolf' - Env: NORMAL - Type: NORMAL & seed: 4134474743919536121
2012-06-14 02:25:03 [INFO] [Multiverse-Core] 4 - World(s) loaded.
2012-06-14 02:26:00 [INFO] [Multiverse-Core] - Version 2.4-b527 (API v14) Enabled - By Rigby, fernferret, lithium3141 and main--
2012-06-14 02:26:00 [INFO] [Multiverse-Core] Loading World & Settings - 'world' - Env: NORMAL - Type: NORMAL & seed: -7842376094457220718
2012-06-14 02:26:00 [INFO] [Multiverse-Core] Loading World & Settings - 'world_nether' - Env: NETHER - Type: NORMAL & seed: 3222298769732298896
2012-06-14 02:26:00 [INFO] [Multiverse-Core] Loading World & Settings - 'world_the_end' - Env: THE_END - Type: NORMAL & seed: 3222298769732298896
2012-06-14 02:26:00 [INFO] [Multiverse-Core] Loading World & Settings - 'werewolf' - Env: NORMAL - Type: NORMAL & seed: 4134474743919536121
2012-06-14 02:26:00 [INFO] [Multiverse-Core] 4 - World(s) loaded.
2012-06-14 02:26:12 [INFO] [Multiverse-Core] - Version 2.4-b527 (API v14) Enabled - By Rigby, fernferret, lithium3141 and main--
2012-06-14 02:26:12 [INFO] [Multiverse-Core] Loading World & Settings - 'world' - Env: NORMAL - Type: NORMAL & seed: -7842376094457220718
2012-06-14 02:26:12 [INFO] [Multiverse-Core] Loading World & Settings - 'world_nether' - Env: NETHER - Type: NORMAL & seed: 3222298769732298896
2012-06-14 02:26:12 [INFO] [Multiverse-Core] Loading World & Settings - 'world_the_end' - Env: THE_END - Type: NORMAL & seed: 3222298769732298896
2012-06-14 02:26:12 [INFO] [Multiverse-Core] Loading World & Settings - 'werewolf' - Env: NORMAL - Type: NORMAL & seed: 4134474743919536121
2012-06-14 02:26:12 [INFO] [Multiverse-Core] 4 - World(s) loaded.
2012-06-14 02:30:03 [INFO] [Multiverse-Core] - Version 2.4-b527 (API v14) Enabled - By Rigby, fernferret, lithium3141 and main--
2012-06-14 02:30:03 [INFO] [Multiverse-Core] Loading World & Settings - 'world' - Env: NORMAL - Type: NORMAL & seed: -7842376094457220718
2012-06-14 02:30:03 [INFO] [Multiverse-Core] Loading World & Settings - 'world_nether' - Env: NETHER - Type: NORMAL & seed: 3222298769732298896
2012-06-14 02:30:03 [INFO] [Multiverse-Core] Loading World & Settings - 'world_the_end' - Env: THE_END - Type: NORMAL & seed: 3222298769732298896
2012-06-14 02:30:03 [INFO] [Multiverse-Core] Loading World & Settings - 'werewolf' - Env: NORMAL - Type: NORMAL & seed: 4134474743919536121
2012-06-14 02:30:03 [INFO] [Multiverse-Core] 4 - World(s) loaded.
2012-06-14 02:33:17 [INFO] [Multiverse-Core] - Version 2.4-b527 (API v14) Enabled - By Rigby, fernferret, lithium3141 and main--
2012-06-14 02:33:17 [INFO] [Multiverse-Core] Loading World & Settings - 'world' - Env: NORMAL - Type: NORMAL & seed: -7842376094457220718
2012-06-14 02:33:17 [INFO] [Multiverse-Core] Loading World & Settings - 'world_nether' - Env: NETHER - Type: NORMAL & seed: 3222298769732298896
2012-06-14 02:33:17 [INFO] [Multiverse-Core] Loading World & Settings - 'world_the_end' - Env: THE_END - Type: NORMAL & seed: 3222298769732298896
2012-06-14 02:33:17 [INFO] [Multiverse-Core] Loading World & Settings - 'werewolf' - Env: NORMAL - Type: NORMAL & seed: 4134474743919536121
2012-06-14 02:33:17 [INFO] [Multiverse-Core] 4 - World(s) loaded.
2012-06-14 02:49:30 [INFO] [Multiverse-Core] - Version 2.4-b527 (API v14) Enabled - By Rigby, fernferret, lithium3141 and main--
2012-06-14 02:49:30 [INFO] [Multiverse-Core] Loading World & Settings - 'world' - Env: NORMAL - Type: NORMAL & seed: -7842376094457220718
2012-06-14 02:49:30 [INFO] [Multiverse-Core] Loading World & Settings - 'world_nether' - Env: NETHER - Type: NORMAL & seed: 3222298769732298896
2012-06-14 02:49:30 [INFO] [Multiverse-Core] Loading World & Settings - 'world_the_end' - Env: THE_END - Type: NORMAL & seed: 3222298769732298896
2012-06-14 02:49:30 [INFO] [Multiverse-Core] Loading World & Settings - 'werewolf' - Env: NORMAL - Type: NORMAL & seed: 4134474743919536121
2012-06-14 02:49:30 [INFO] [Multiverse-Core] 4 - World(s) loaded.
2012-06-14 13:51:42 [INFO] [Multiverse-Core] - Version 2.4-b527 (API v14) Enabled - By Rigby, fernferret, lithium3141 and main--
2012-06-14 13:51:43 [INFO] [Multiverse-Core] Loading World & Settings - 'world' - Env: NORMAL - Type: NORMAL & seed: -7842376094457220718
2012-06-14 13:51:43 [INFO] [Multiverse-Core] Loading World & Settings - 'world_nether' - Env: NETHER - Type: NORMAL & seed: 3222298769732298896
2012-06-14 13:51:43 [INFO] [Multiverse-Core] Loading World & Settings - 'world_the_end' - Env: THE_END - Type: NORMAL & seed: 3222298769732298896
2012-06-14 13:51:43 [INFO] [Multiverse-Core] Loading World & Settings - 'werewolf' - Env: NORMAL - Type: NORMAL & seed: 4134474743919536121
2012-06-14 13:51:43 [INFO] [Multiverse-Core] 4 - World(s) loaded.
2012-06-14 19:31:57 [INFO] [Multiverse-Core] - Version 2.4-b527 (API v14) Enabled - By Rigby, fernferret, lithium3141 and main--
2012-06-14 19:31:58 [INFO] [Multiverse-Core] Loading World & Settings - 'world' - Env: NORMAL - Type: NORMAL & seed: -7842376094457220718
2012-06-14 19:31:58 [INFO] [Multiverse-Core] Loading World & Settings - 'world_nether' - Env: NETHER - Type: NORMAL & seed: 3222298769732298896
2012-06-14 19:31:58 [INFO] [Multiverse-Core] Loading World & Settings - 'world_the_end' - Env: THE_END - Type: NORMAL & seed: 3222298769732298896
2012-06-14 19:31:58 [INFO] [Multiverse-Core] Loading World & Settings - 'werewolf' - Env: NORMAL - Type: NORMAL & seed: 4134474743919536121
2012-06-14 19:31:58 [INFO] [Multiverse-Core] 4 - World(s) loaded.
2012-06-14 19:33:56 [INFO] [Multiverse-Core] - Version 2.4-b527 (API v14) Enabled - By Rigby, fernferret, lithium3141 and main--
2012-06-14 19:33:56 [INFO] [Multiverse-Core] Loading World & Settings - 'world' - Env: NORMAL - Type: NORMAL & seed: -7842376094457220718
2012-06-14 19:33:56 [INFO] [Multiverse-Core] Loading World & Settings - 'world_nether' - Env: NETHER - Type: NORMAL & seed: 3222298769732298896
2012-06-14 19:33:56 [INFO] [Multiverse-Core] Loading World & Settings - 'world_the_end' - Env: THE_END - Type: NORMAL & seed: 3222298769732298896
2012-06-14 19:33:56 [INFO] [Multiverse-Core] Loading World & Settings - 'werewolf' - Env: NORMAL - Type: NORMAL & seed: 4134474743919536121
2012-06-14 19:33:56 [INFO] [Multiverse-Core] 4 - World(s) loaded.
2012-06-14 19:34:54 [INFO] [Multiverse-Core] - Version 2.4-b527 (API v14) Enabled - By Rigby, fernferret, lithium3141 and main--
2012-06-14 19:34:55 [INFO] [Multiverse-Core] Loading World & Settings - 'world' - Env: NORMAL - Type: NORMAL & seed: -7842376094457220718
2012-06-14 19:34:55 [INFO] [Multiverse-Core] Loading World & Settings - 'world_nether' - Env: NETHER - Type: NORMAL & seed: 3222298769732298896
2012-06-14 19:34:55 [INFO] [Multiverse-Core] Loading World & Settings - 'world_the_end' - Env: THE_END - Type: NORMAL & seed: 3222298769732298896
2012-06-14 19:34:55 [INFO] [Multiverse-Core] Loading World & Settings - 'werewolf' - Env: NORMAL - Type: NORMAL & seed: 4134474743919536121
2012-06-14 19:34:55 [INFO] [Multiverse-Core] 4 - World(s) loaded.
2012-06-14 19:38:20 [INFO] [Multiverse-Core] - Version 2.4-b527 (API v14) Enabled - By Rigby, fernferret, lithium3141 and main--
2012-06-14 19:38:20 [INFO] [Multiverse-Core] Loading World & Settings - 'world' - Env: NORMAL - Type: NORMAL & seed: -7842376094457220718
2012-06-14 19:38:20 [INFO] [Multiverse-Core] Loading World & Settings - 'world_nether' - Env: NETHER - Type: NORMAL & seed: 3222298769732298896
2012-06-14 19:38:20 [INFO] [Multiverse-Core] Loading World & Settings - 'world_the_end' - Env: THE_END - Type: NORMAL & seed: 3222298769732298896
2012-06-14 19:38:20 [INFO] [Multiverse-Core] Loading World & Settings - 'werewolf' - Env: NORMAL - Type: NORMAL & seed: 4134474743919536121
2012-06-14 19:38:20 [INFO] [Multiverse-Core] 4 - World(s) loaded.
2012-06-14 19:39:33 [INFO] [Multiverse-Core] - Version 2.4-b527 (API v14) Enabled - By Rigby, fernferret, lithium3141 and main--
2012-06-14 19:39:33 [INFO] [Multiverse-Core] Loading World & Settings - 'world' - Env: NORMAL - Type: NORMAL & seed: -7842376094457220718
2012-06-14 19:39:33 [INFO] [Multiverse-Core] Loading World & Settings - 'world_nether' - Env: NETHER - Type: NORMAL & seed: 3222298769732298896
2012-06-14 19:39:33 [INFO] [Multiverse-Core] Loading World & Settings - 'world_the_end' - Env: THE_END - Type: NORMAL & seed: 3222298769732298896
2012-06-14 19:39:33 [INFO] [Multiverse-Core] Loading World & Settings - 'werewolf' - Env: NORMAL - Type: NORMAL & seed: 4134474743919536121
2012-06-14 19:39:33 [INFO] [Multiverse-Core] 4 - World(s) loaded.
2012-06-14 19:40:33 [INFO] [Multiverse-Core] - Version 2.4-b527 (API v14) Enabled - By Rigby, fernferret, lithium3141 and main--
2012-06-14 19:40:33 [INFO] [Multiverse-Core] Loading World & Settings - 'world' - Env: NORMAL - Type: NORMAL & seed: -7842376094457220718
2012-06-14 19:40:33 [INFO] [Multiverse-Core] Loading World & Settings - 'world_nether' - Env: NETHER - Type: NORMAL & seed: 3222298769732298896
2012-06-14 19:40:33 [INFO] [Multiverse-Core] Loading World & Settings - 'world_the_end' - Env: THE_END - Type: NORMAL & seed: 3222298769732298896
2012-06-14 19:40:33 [INFO] [Multiverse-Core] Loading World & Settings - 'werewolf' - Env: NORMAL - Type: NORMAL & seed: 4134474743919536121
2012-06-14 19:40:33 [INFO] [Multiverse-Core] 4 - World(s) loaded.
2012-06-14 19:43:29 [INFO] [Multiverse-Core] - Version 2.4-b527 (API v14) Enabled - By Rigby, fernferret, lithium3141 and main--
2012-06-14 19:43:29 [INFO] [Multiverse-Core] Loading World & Settings - 'world' - Env: NORMAL - Type: NORMAL & seed: -7842376094457220718
2012-06-14 19:43:29 [INFO] [Multiverse-Core] Loading World & Settings - 'world_nether' - Env: NETHER - Type: NORMAL & seed: 3222298769732298896
2012-06-14 19:43:29 [INFO] [Multiverse-Core] Loading World & Settings - 'world_the_end' - Env: THE_END - Type: NORMAL & seed: 3222298769732298896
2012-06-14 19:43:29 [INFO] [Multiverse-Core] Loading World & Settings - 'werewolf' - Env: NORMAL - Type: NORMAL & seed: 4134474743919536121
2012-06-14 19:43:29 [INFO] [Multiverse-Core] 4 - World(s) loaded.
2012-06-14 19:46:13 [INFO] [Multiverse-Core] - Version 2.4-b527 (API v14) Enabled - By Rigby, fernferret, lithium3141 and main--
2012-06-14 19:46:13 [INFO] [Multiverse-Core] Loading World & Settings - 'world' - Env: NORMAL - Type: NORMAL & seed: -7842376094457220718
2012-06-14 19:46:13 [INFO] [Multiverse-Core] Loading World & Settings - 'world_nether' - Env: NETHER - Type: NORMAL & seed: 3222298769732298896
2012-06-14 19:46:13 [INFO] [Multiverse-Core] Loading World & Settings - 'world_the_end' - Env: THE_END - Type: NORMAL & seed: 3222298769732298896
2012-06-14 19:46:13 [INFO] [Multiverse-Core] Loading World & Settings - 'werewolf' - Env: NORMAL - Type: NORMAL & seed: 4134474743919536121
2012-06-14 19:46:13 [INFO] [Multiverse-Core] 4 - World(s) loaded.
2012-06-14 19:56:49 [INFO] [Multiverse-Core] - Version 2.4-b527 (API v14) Enabled - By Rigby, fernferret, lithium3141 and main--
2012-06-14 19:56:49 [INFO] [Multiverse-Core] Loading World & Settings - 'world' - Env: NORMAL - Type: NORMAL & seed: -7842376094457220718
2012-06-14 19:56:49 [INFO] [Multiverse-Core] Loading World & Settings - 'world_nether' - Env: NETHER - Type: NORMAL & seed: 3222298769732298896
2012-06-14 19:56:49 [INFO] [Multiverse-Core] Loading World & Settings - 'world_the_end' - Env: THE_END - Type: NORMAL & seed: 3222298769732298896
2012-06-14 19:56:49 [INFO] [Multiverse-Core] Loading World & Settings - 'werewolf' - Env: NORMAL - Type: NORMAL & seed: 4134474743919536121
2012-06-14 19:56:49 [INFO] [Multiverse-Core] 4 - World(s) loaded.
2012-06-14 19:58:54 [INFO] [Multiverse-Core] - Version 2.4-b527 (API v14) Enabled - By Rigby, fernferret, lithium3141 and main--
2012-06-14 19:58:54 [INFO] [Multiverse-Core] Loading World & Settings - 'world' - Env: NORMAL - Type: NORMAL & seed: -7842376094457220718
2012-06-14 19:58:54 [INFO] [Multiverse-Core] Loading World & Settings - 'world_nether' - Env: NETHER - Type: NORMAL & seed: 3222298769732298896
2012-06-14 19:58:54 [INFO] [Multiverse-Core] Loading World & Settings - 'world_the_end' - Env: THE_END - Type: NORMAL & seed: 3222298769732298896
2012-06-14 19:58:54 [INFO] [Multiverse-Core] Loading World & Settings - 'werewolf' - Env: NORMAL - Type: NORMAL & seed: 4134474743919536121
2012-06-14 19:58:54 [INFO] [Multiverse-Core] 4 - World(s) loaded.
2012-06-14 20:06:02 [INFO] [Multiverse-Core] - Version 2.4-b527 (API v14) Enabled - By Rigby, fernferret, lithium3141 and main--
2012-06-14 20:06:02 [INFO] [Multiverse-Core] Loading World & Settings - 'world' - Env: NORMAL - Type: NORMAL & seed: -7842376094457220718
2012-06-14 20:06:02 [INFO] [Multiverse-Core] Loading World & Settings - 'world_nether' - Env: NETHER - Type: NORMAL & seed: 3222298769732298896
2012-06-14 20:06:02 [INFO] [Multiverse-Core] Loading World & Settings - 'world_the_end' - Env: THE_END - Type: NORMAL & seed: 3222298769732298896
2012-06-14 20:06:02 [INFO] [Multiverse-Core] Loading World & Settings - 'werewolf' - Env: NORMAL - Type: NORMAL & seed: 4134474743919536121
2012-06-14 20:06:02 [INFO] [Multiverse-Core] 4 - World(s) loaded.
2012-06-14 20:06:46 [INFO] [Multiverse-Core] - Version 2.4-b527 (API v14) Enabled - By Rigby, fernferret, lithium3141 and main--
2012-06-14 20:06:46 [INFO] [Multiverse-Core] Loading World & Settings - 'world' - Env: NORMAL - Type: NORMAL & seed: -7842376094457220718
2012-06-14 20:06:46 [INFO] [Multiverse-Core] Loading World & Settings - 'world_nether' - Env: NETHER - Type: NORMAL & seed: 3222298769732298896
2012-06-14 20:06:46 [INFO] [Multiverse-Core] Loading World & Settings - 'world_the_end' - Env: THE_END - Type: NORMAL & seed: 3222298769732298896
2012-06-14 20:06:46 [INFO] [Multiverse-Core] Loading World & Settings - 'werewolf' - Env: NORMAL - Type: NORMAL & seed: 4134474743919536121
2012-06-14 20:06:46 [INFO] [Multiverse-Core] 4 - World(s) loaded.
2012-06-14 20:19:37 [INFO] [Multiverse-Core] - Version 2.4-b527 (API v14) Enabled - By Rigby, fernferret, lithium3141 and main--
2012-06-14 20:19:37 [INFO] [Multiverse-Core] Loading World & Settings - 'world' - Env: NORMAL - Type: NORMAL & seed: -7842376094457220718
2012-06-14 20:19:37 [INFO] [Multiverse-Core] Loading World & Settings - 'world_nether' - Env: NETHER - Type: NORMAL & seed: 3222298769732298896
2012-06-14 20:19:37 [INFO] [Multiverse-Core] Loading World & Settings - 'world_the_end' - Env: THE_END - Type: NORMAL & seed: 3222298769732298896
2012-06-14 20:19:37 [INFO] [Multiverse-Core] Loading World & Settings - 'werewolf' - Env: NORMAL - Type: NORMAL & seed: 4134474743919536121
2012-06-14 20:19:37 [INFO] [Multiverse-Core] 4 - World(s) loaded.
2012-06-14 20:31:09 [INFO] [Multiverse-Core] - Version 2.4-b527 (API v14) Enabled - By Rigby, fernferret, lithium3141 and main--
2012-06-14 20:31:09 [INFO] [Multiverse-Core] Loading World & Settings - 'world' - Env: NORMAL - Type: NORMAL & seed: -7842376094457220718
2012-06-14 20:31:09 [INFO] [Multiverse-Core] Loading World & Settings - 'world_nether' - Env: NETHER - Type: NORMAL & seed: 3222298769732298896
2012-06-14 20:31:09 [INFO] [Multiverse-Core] Loading World & Settings - 'world_the_end' - Env: THE_END - Type: NORMAL & seed: 3222298769732298896
2012-06-14 20:31:09 [INFO] [Multiverse-Core] Loading World & Settings - 'werewolf' - Env: NORMAL - Type: NORMAL & seed: 4134474743919536121
2012-06-14 20:31:09 [INFO] [Multiverse-Core] 4 - World(s) loaded.
2012-06-14 20:35:41 [INFO] [Multiverse-Core] - Version 2.4-b527 (API v14) Enabled - By Rigby, fernferret, lithium3141 and main--
2012-06-14 20:35:42 [INFO] [Multiverse-Core] Loading World & Settings - 'world' - Env: NORMAL - Type: NORMAL & seed: -7842376094457220718
2012-06-14 20:35:42 [INFO] [Multiverse-Core] Loading World & Settings - 'world_nether' - Env: NETHER - Type: NORMAL & seed: 3222298769732298896
2012-06-14 20:35:42 [INFO] [Multiverse-Core] Loading World & Settings - 'world_the_end' - Env: THE_END - Type: NORMAL & seed: 3222298769732298896
2012-06-14 20:35:42 [INFO] [Multiverse-Core] Loading World & Settings - 'werewolf' - Env: NORMAL - Type: NORMAL & seed: 4134474743919536121
2012-06-14 20:35:42 [INFO] [Multiverse-Core] 4 - World(s) loaded.
2012-06-14 20:48:56 [INFO] [Multiverse-Core] - Version 2.4-b527 (API v14) Enabled - By Rigby, fernferret, lithium3141 and main--
2012-06-14 20:48:56 [INFO] [Multiverse-Core] Loading World & Settings - 'world' - Env: NORMAL - Type: NORMAL & seed: -7842376094457220718
2012-06-14 20:48:57 [INFO] [Multiverse-Core] Loading World & Settings - 'world_nether' - Env: NETHER - Type: NORMAL & seed: 3222298769732298896
2012-06-14 20:48:57 [INFO] [Multiverse-Core] Loading World & Settings - 'world_the_end' - Env: THE_END - Type: NORMAL & seed: 3222298769732298896
2012-06-14 20:48:57 [INFO] [Multiverse-Core] Loading World & Settings - 'werewolf' - Env: NORMAL - Type: NORMAL & seed: 4134474743919536121
2012-06-14 20:48:57 [INFO] [Multiverse-Core] 4 - World(s) loaded.
2012-06-14 20:50:16 [INFO] [Multiverse-Core] - Version 2.4-b527 (API v14) Enabled - By Rigby, fernferret, lithium3141 and main--
2012-06-14 20:50:17 [INFO] [Multiverse-Core] Loading World & Settings - 'world' - Env: NORMAL - Type: NORMAL & seed: -7842376094457220718
2012-06-14 20:50:17 [INFO] [Multiverse-Core] Loading World & Settings - 'world_nether' - Env: NETHER - Type: NORMAL & seed: 3222298769732298896
2012-06-14 20:50:17 [INFO] [Multiverse-Core] Loading World & Settings - 'world_the_end' - Env: THE_END - Type: NORMAL & seed: 3222298769732298896
2012-06-14 20:50:17 [INFO] [Multiverse-Core] Loading World & Settings - 'werewolf' - Env: NORMAL - Type: NORMAL & seed: 4134474743919536121
2012-06-14 20:50:17 [INFO] [Multiverse-Core] 4 - World(s) loaded.
2012-06-14 21:02:17 [INFO] [Multiverse-Core] - Version 2.4-b527 (API v14) Enabled - By Rigby, fernferret, lithium3141 and main--
2012-06-14 21:02:17 [INFO] [Multiverse-Core] Loading World & Settings - 'world' - Env: NORMAL - Type: NORMAL & seed: -7842376094457220718
2012-06-14 21:02:17 [INFO] [Multiverse-Core] Loading World & Settings - 'world_nether' - Env: NETHER - Type: NORMAL & seed: 3222298769732298896
2012-06-14 21:02:18 [INFO] [Multiverse-Core] Loading World & Settings - 'world_the_end' - Env: THE_END - Type: NORMAL & seed: 3222298769732298896
2012-06-14 21:02:18 [INFO] [Multiverse-Core] Loading World & Settings - 'werewolf' - Env: NORMAL - Type: NORMAL & seed: 4134474743919536121
2012-06-14 21:02:18 [INFO] [Multiverse-Core] 4 - World(s) loaded.
2012-06-14 21:16:38 [INFO] [Multiverse-Core] - Version 2.4-b527 (API v14) Enabled - By Rigby, fernferret, lithium3141 and main--
2012-06-14 21:16:38 [INFO] [Multiverse-Core] Loading World & Settings - 'world' - Env: NORMAL - Type: NORMAL & seed: -7842376094457220718
2012-06-14 21:16:38 [INFO] [Multiverse-Core] Loading World & Settings - 'world_nether' - Env: NETHER - Type: NORMAL & seed: 3222298769732298896
2012-06-14 21:16:38 [INFO] [Multiverse-Core] Loading World & Settings - 'world_the_end' - Env: THE_END - Type: NORMAL & seed: 3222298769732298896
2012-06-14 21:16:38 [INFO] [Multiverse-Core] Loading World & Settings - 'werewolf' - Env: NORMAL - Type: NORMAL & seed: 4134474743919536121
2012-06-14 21:16:38 [WARNING] [Multiverse-Core] Spawn location from world.dat file was unsafe. Adjusting...
2012-06-14 21:16:38 [WARNING] [Multiverse-Core] Original Location: X: -243 Y: 65 Z: 236 P: 0 Y: 0 
2012-06-14 21:16:38 [INFO] [Multiverse-Core] New Spawn for 'werewolf' is Located at: werewolf:-241.50,65.00,236.50:0.00:0.00
2012-06-14 21:16:38 [INFO] [Multiverse-Core] 4 - World(s) loaded.
2012-06-14 21:16:57 [INFO] [Multiverse-Core] - Version 2.4-b527 (API v14) Enabled - By Rigby, fernferret, lithium3141 and main--
2012-06-14 21:16:57 [INFO] [Multiverse-Core] Loading World & Settings - 'world' - Env: NORMAL - Type: NORMAL & seed: -7842376094457220718
2012-06-14 21:16:57 [INFO] [Multiverse-Core] Loading World & Settings - 'world_nether' - Env: NETHER - Type: NORMAL & seed: 3222298769732298896
2012-06-14 21:16:57 [INFO] [Multiverse-Core] Loading World & Settings - 'world_the_end' - Env: THE_END - Type: NORMAL & seed: 3222298769732298896
2012-06-14 21:16:57 [INFO] [Multiverse-Core] Loading World & Settings - 'werewolf' - Env: NORMAL - Type: NORMAL & seed: 4134474743919536121
2012-06-14 21:16:57 [INFO] [Multiverse-Core] 4 - World(s) loaded.
2012-06-14 21:18:36 [INFO] [Multiverse-Core] - Version 2.4-b527 (API v14) Enabled - By Rigby, fernferret, lithium3141 and main--
2012-06-14 21:18:36 [INFO] [Multiverse-Core] Loading World & Settings - 'world' - Env: NORMAL - Type: NORMAL & seed: -7842376094457220718
2012-06-14 21:18:36 [INFO] [Multiverse-Core] Loading World & Settings - 'world_nether' - Env: NETHER - Type: NORMAL & seed: 3222298769732298896
2012-06-14 21:18:36 [INFO] [Multiverse-Core] Loading World & Settings - 'world_the_end' - Env: THE_END - Type: NORMAL & seed: 3222298769732298896
2012-06-14 21:18:36 [INFO] [Multiverse-Core] Loading World & Settings - 'werewolf' - Env: NORMAL - Type: NORMAL & seed: 4134474743919536121
2012-06-14 21:18:36 [INFO] [Multiverse-Core] 4 - World(s) loaded.
2012-06-14 21:22:40 [INFO] [Multiverse-Core] - Version 2.4-b527 (API v14) Enabled - By Rigby, fernferret, lithium3141 and main--
2012-06-14 21:22:40 [INFO] [Multiverse-Core] Loading World & Settings - 'world' - Env: NORMAL - Type: NORMAL & seed: -7842376094457220718
2012-06-14 21:22:40 [INFO] [Multiverse-Core] Loading World & Settings - 'world_nether' - Env: NETHER - Type: NORMAL & seed: 3222298769732298896
2012-06-14 21:22:40 [INFO] [Multiverse-Core] Loading World & Settings - 'world_the_end' - Env: THE_END - Type: NORMAL & seed: 3222298769732298896
2012-06-14 21:22:40 [INFO] [Multiverse-Core] Loading World & Settings - 'werewolf' - Env: NORMAL - Type: NORMAL & seed: 4134474743919536121
2012-06-14 21:22:41 [INFO] [Multiverse-Core] 4 - World(s) loaded.
2012-06-14 21:42:01 [INFO] [Multiverse-Core] - Version 2.4-b527 (API v14) Enabled - By Rigby, fernferret, lithium3141 and main--
2012-06-14 21:42:01 [INFO] [Multiverse-Core] Loading World & Settings - 'world' - Env: NORMAL - Type: NORMAL & seed: -7842376094457220718
2012-06-14 21:42:01 [INFO] [Multiverse-Core] Loading World & Settings - 'world_nether' - Env: NETHER - Type: NORMAL & seed: 3222298769732298896
2012-06-14 21:42:01 [INFO] [Multiverse-Core] Loading World & Settings - 'world_the_end' - Env: THE_END - Type: NORMAL & seed: 3222298769732298896
2012-06-14 21:42:01 [INFO] [Multiverse-Core] Loading World & Settings - 'werewolf' - Env: NORMAL - Type: NORMAL & seed: 4134474743919536121
2012-06-14 21:42:02 [INFO] [Multiverse-Core] 4 - World(s) loaded.
2012-06-15 03:11:19 [INFO] [Multiverse-Core] - Version 2.4-b527 (API v14) Enabled - By Rigby, fernferret, lithium3141 and main--
2012-06-15 03:11:19 [INFO] [Multiverse-Core] Loading World & Settings - 'world' - Env: NORMAL - Type: NORMAL & seed: -7842376094457220718
2012-06-15 03:11:19 [INFO] [Multiverse-Core] Loading World & Settings - 'world_nether' - Env: NETHER - Type: NORMAL & seed: 3222298769732298896
2012-06-15 03:11:19 [INFO] [Multiverse-Core] Loading World & Settings - 'world_the_end' - Env: THE_END - Type: NORMAL & seed: 3222298769732298896
2012-06-15 03:11:20 [INFO] [Multiverse-Core] Loading World & Settings - 'werewolf' - Env: NORMAL - Type: NORMAL & seed: 4134474743919536121
2012-06-15 03:11:20 [INFO] [Multiverse-Core] 4 - World(s) loaded.
2012-06-15 03:12:47 [INFO] [Multiverse-Core] - Version 2.4-b527 (API v14) Enabled - By Rigby, fernferret, lithium3141 and main--
2012-06-15 03:12:47 [INFO] [Multiverse-Core] Loading World & Settings - 'world' - Env: NORMAL - Type: NORMAL & seed: -7842376094457220718
2012-06-15 03:12:47 [INFO] [Multiverse-Core] Loading World & Settings - 'world_nether' - Env: NETHER - Type: NORMAL & seed: 3222298769732298896
2012-06-15 03:12:47 [INFO] [Multiverse-Core] Loading World & Settings - 'world_the_end' - Env: THE_END - Type: NORMAL & seed: 3222298769732298896
2012-06-15 03:12:47 [INFO] [Multiverse-Core] Loading World & Settings - 'werewolf' - Env: NORMAL - Type: NORMAL & seed: 4134474743919536121
2012-06-15 03:12:47 [INFO] [Multiverse-Core] 4 - World(s) loaded.
2012-06-15 05:47:50 [INFO] [Multiverse-Core] - Version 2.4-b527 (API v14) Enabled - By Rigby, fernferret, lithium3141 and main--
2012-06-15 05:47:50 [INFO] [Multiverse-Core] Loading World & Settings - 'world' - Env: NORMAL - Type: NORMAL & seed: -7842376094457220718
2012-06-15 05:47:50 [INFO] [Multiverse-Core] Loading World & Settings - 'world_nether' - Env: NETHER - Type: NORMAL & seed: 3222298769732298896
2012-06-15 05:47:50 [INFO] [Multiverse-Core] Loading World & Settings - 'world_the_end' - Env: THE_END - Type: NORMAL & seed: 3222298769732298896
2012-06-15 05:47:50 [INFO] [Multiverse-Core] Loading World & Settings - 'werewolf' - Env: NORMAL - Type: NORMAL & seed: 4134474743919536121
2012-06-15 05:47:51 [INFO] [Multiverse-Core] 4 - World(s) loaded.
2012-06-15 05:55:06 [INFO] [Multiverse-Core] - Version 2.4-b527 (API v14) Enabled - By Rigby, fernferret, lithium3141 and main--
2012-06-15 05:55:06 [INFO] [Multiverse-Core] Loading World & Settings - 'world' - Env: NORMAL - Type: NORMAL & seed: -7842376094457220718
2012-06-15 05:55:06 [INFO] [Multiverse-Core] Loading World & Settings - 'world_nether' - Env: NETHER - Type: NORMAL & seed: 3222298769732298896
2012-06-15 05:55:06 [INFO] [Multiverse-Core] Loading World & Settings - 'world_the_end' - Env: THE_END - Type: NORMAL & seed: 3222298769732298896
2012-06-15 05:55:07 [INFO] [Multiverse-Core] Loading World & Settings - 'werewolf' - Env: NORMAL - Type: NORMAL & seed: 4134474743919536121
2012-06-15 05:55:07 [INFO] [Multiverse-Core] 4 - World(s) loaded.
